0 info it worked if it ends with ok
1 verbose cli [ '/usr/bin/node', '/usr/bin/npm', 'run', 'build' ]
2 info using npm@3.5.2
3 info using node@v8.10.0
4 verbose run-script [ 'prebuild', 'build', 'postbuild' ]
5 info lifecycle top5.api@1.0.0~prebuild: top5.api@1.0.0
6 silly lifecycle top5.api@1.0.0~prebuild: no script for prebuild, continuing
7 info lifecycle top5.api@1.0.0~build: top5.api@1.0.0
8 verbose lifecycle top5.api@1.0.0~build: unsafe-perm in lifecycle true
9 verbose lifecycle top5.api@1.0.0~build: PATH: /usr/share/npm/bin/node-gyp-bin:/root/projects/top5/node_modules/.bin:/usr/local/sbin:/usr/local/bin:/usr/sbin:/usr/bin:/sbin:/bin:/snap/bin
10 verbose lifecycle top5.api@1.0.0~build: CWD: /root/projects/top5
11 silly lifecycle top5.api@1.0.0~build: Args: [ '-c', 'babel src --out-dir dist' ]
12 info lifecycle top5.api@1.0.0~build: Failed to exec build script
13 verbose stack Error: top5.api@1.0.0 build: `babel src --out-dir dist`
13 verbose stack spawn ENOENT
13 verbose stack     at ChildProcess.<anonymous> (/usr/share/npm/lib/utils/spawn.js:17:16)
13 verbose stack     at emitTwo (events.js:126:13)
13 verbose stack     at ChildProcess.emit (events.js:214:7)
13 verbose stack     at maybeClose (internal/child_process.js:925:16)
13 verbose stack     at Process.ChildProcess._handle.onexit (internal/child_process.js:209:5)
14 verbose pkgid top5.api@1.0.0
15 verbose cwd /root/projects/top5
16 error Linux 4.15.0-1051-aws
17 error argv "/usr/bin/node" "/usr/bin/npm" "run" "build"
18 error node v8.10.0
19 error npm  v3.5.2
20 error file sh
21 error code ELIFECYCLE
22 error errno ENOENT
23 error syscall spawn
24 error top5.api@1.0.0 build: `babel src --out-dir dist`
24 error spawn ENOENT
25 error Failed at the top5.api@1.0.0 build script 'babel src --out-dir dist'.
25 error Make sure you have the latest version of node.js and npm installed.
25 error If you do, this is most likely a problem with the top5.api package,
25 error not with npm itself.
25 error Tell the author that this fails on your system:
25 error     babel src --out-dir dist
25 error You can get information on how to open an issue for this project with:
25 error     npm bugs top5.api
25 error Or if that isn't available, you can get their info via:
25 error     npm owner ls top5.api
25 error There is likely additional logging output above.
26 verbose exit [ 1, true ]
